<?xml version="1.0" encoding="UTF-8"?>
<!-- Generated by org.testng.reporters.JUnitReportReporter -->
<testsuite hostname="owners-MacBook-Pro.local" failures="0" tests="1" name="com.EbaySearch.runners.TestRunner" time="9.046" errors="0" timestamp="2022-05-17T16:21:03 EDT" skipped="0">
  <testcase classname="com.EbaySearch.runners.TestRunner" name="runScenario" time="9.046"/>
  <system-out/>
</testsuite> <!-- com.EbaySearch.runners.TestRunner -->
