<?xml version="1.0" encoding="UTF-8"?>
<!-- Generated by org.testng.reporters.JUnitReportReporter -->
<testsuite hostname="owners-MacBook-Pro.local" failures="0" tests="1" name="com.EbaySearch.runners.TestRunner" time="0.059" errors="0" timestamp="2022-05-17T15:42:13 EDT" skipped="0">
  <testcase classname="com.EbaySearch.runners.TestRunner" name="runScenario" time="0.059"/>
  <system-out/>
</testsuite> <!-- com.EbaySearch.runners.TestRunner -->
